Using pre-set license
Built from '2020.3/release' branch; Version is '2020.3.12f1 (b3b2c6512326) revision 11776710'; Using compiler version '192528614'; Build Type 'Release'
OS: 'Windows 10 Home; OS build 19043.1526; Version 2009; 64bit' Language: 'en' Physical Memory: 8143 MB
BatchMode: 1, IsHumanControllingUs: 0, StartBugReporterOnCrash: 0, Is64bit: 1, IsPro: 0

 COMMAND LINE ARGUMENTS:
C:\Program Files\Unity\Hub\Editor\2020.3.12f1\Editor\Unity.exe
-adb2
-batchMode
-noUpm
-name
AssetImportWorker0
-projectPath
F:/Unity Projects/private_repos/Data-Persistance-Project
-logFile
Logs/AssetImportWorker0.log
-srvPort
51946
Successfully changed project path to: F:/Unity Projects/private_repos/Data-Persistance-Project
F:/Unity Projects/private_repos/Data-Persistance-Project
Using Asset Import Pipeline V2.
Refreshing native plugins compatible for Editor in 85.57 ms, found 2 plugins.
Preloading 0 native plugins for Editor in 0.00 ms.
Initialize engine version: 2020.3.12f1 (b3b2c6512326)
[Subsystems] Discovering subsystems at path C:/Program Files/Unity/Hub/Editor/2020.3.12f1/Editor/Data/Resources/UnitySubsystems
[Subsystems] Discovering subsystems at path F:/Unity Projects/private_repos/Data-Persistance-Project/Assets
GfxDevice: creating device client; threaded=0
Direct3D:
    Version:  Direct3D 11.0 [level 11.1]
    Renderer: AMD Radeon HD 7800 Series (ID=0x6819)
    Vendor:   
    VRAM:     2027 MB
    Driver:   27.20.1034.6
Shader 'Universal Render Pipeline/Particles/Lit': fallback shader 'Universal Render Pipeline/Particles/SimpleLit' not found
Initialize mono
Mono path[0] = 'C:/Program Files/Unity/Hub/Editor/2020.3.12f1/Editor/Data/Managed'
Mono path[1] = 'C:/Program Files/Unity/Hub/Editor/2020.3.12f1/Editor/Data/MonoBleedingEdge/lib/mono/unityjit'
Mono config path = 'C:/Program Files/Unity/Hub/Editor/2020.3.12f1/Editor/Data/MonoBleedingEdge/etc'
Using monoOptions --debugger-agent=transport=dt_socket,embedding=1,server=y,suspend=n,address=127.0.0.1:56720
Begin MonoManager ReloadAssembly
Registering precompiled unity dll's ...
Register platform support module: C:/Program Files/Unity/Hub/Editor/2020.3.12f1/Editor/Data/PlaybackEngines/WebGLSupport/UnityEditor.WebGL.Extensions.dll
Register platform support module: C:/Program Files/Unity/Hub/Editor/2020.3.12f1/Editor/Data/PlaybackEngines/WindowsStandaloneSupport/UnityEditor.WindowsStandalone.Extensions.dll
Registered in 0.003413 seconds.
Native extension for WindowsStandalone target not found
Native extension for WebGL target not found
Refreshing native plugins compatible for Editor in 63.65 ms, found 2 plugins.
Preloading 0 native plugins for Editor in 0.00 ms.
Mono: successfully reloaded assembly
- Completed reload, in  2.941 seconds
Platform modules already initialized, skipping
Registering precompiled user dll's ...
Registered in 0.004256 seconds.
Begin MonoManager ReloadAssembly
Native extension for WindowsStandalone target not found
Native extension for WebGL target not found
Refreshing native plugins compatible for Editor in 64.50 ms, found 2 plugins.
Preloading 0 native plugins for Editor in 0.00 ms.
Mono: successfully reloaded assembly
- Completed reload, in  1.544 seconds
Platform modules already initialized, skipping
========================================================================
Worker process is ready to serve import requests
Shader 'Universal Render Pipeline/Particles/Lit': fallback shader 'Universal Render Pipeline/Particles/SimpleLit' not found
Launched and connected shader compiler UnityShaderCompiler.exe after 0.08 seconds
Refreshing native plugins compatible for Editor in 0.89 ms, found 2 plugins.
Preloading 0 native plugins for Editor in 0.00 ms.
Unloading 2693 Unused Serialized files (Serialized files now loaded: 0)
System memory in use before: 121.8 MB.
System memory in use after: 122.0 MB.

Unloading 19 unused Assets to reduce memory usage. Loaded Objects now: 3125.
Total: 5.870600 ms (FindLiveObjects: 0.355100 ms CreateObjectMapping: 0.222200 ms MarkObjects: 5.131400 ms  DeleteObjects: 0.159500 ms)

AssetImportParameters requested are different than current active one (requested -> active):
  custom:framework-win-MediaFoundation: 216162199b28c13a410421893ffa2e32 -> 
  custom:video-decoder-ogg-theora: a1e56fd34408186e4bbccfd4996cb3dc -> 
  custom:container-muxer-webm: aa71ff27fc2769a1b78a27578f13a17b -> 
  custom:container-demuxer-webm: 4f35f7cbe854078d1ac9338744f61a02 -> 
  custom:container-demuxer-ogg: 62fdf1f143b41e24485cea50d1cbac27 -> 
  custom:video-encoder-webm-vp8: eb34c28f22e8b96e1ab97ce403110664 -> 
  custom:video-codec-MediaFoundation-h265: e54d7ab0439102e2317fc1e4b246158d -> 
  custom:video-decoder-webm-vp8: 9c59270c3fd7afecdb556c50c9e8de78 -> 
  custom:audio-decoder-ogg-vorbis: bf7c407c2cedff20999df2af8eb42d56 -> 
  custom:audio-encoder-webm-vorbis: bf7c407c2cedff20999df2af8eb42d56 -> 
========================================================================
Received Import Request.
  path: Assets/Bounce.physicMaterial
  artifactKey: Guid(bc24b7fc41d5dfb4698e2ca16a37dfad) Importer(815301076,1909f56bfc062723c751e8b465ee728b)
Start importing Assets/Bounce.physicMaterial using Guid(bc24b7fc41d5dfb4698e2ca16a37dfad) Importer(815301076,1909f56bfc062723c751e8b465ee728b)  -> (artifact id: '1403efc6be2392189457ff26c5d74ba4') in 0.053667 seconds 
  Import took 0.060246 seconds .

========================================================================
Received Import Request.
  Time since last request: 80.000441 seconds.
  path: Assets/Scenes/main.unity
  artifactKey: Guid(78a510c781f19db4da14f78ebb30946a) Importer(815301076,1909f56bfc062723c751e8b465ee728b)
Start importing Assets/Scenes/main.unity using Guid(78a510c781f19db4da14f78ebb30946a) Importer(815301076,1909f56bfc062723c751e8b465ee728b)  -> (artifact id: 'e995457a0cc3240c5dbbb3c5378bbc7c') in 0.008726 seconds 
  Import took 0.013390 seconds .

========================================================================
Received Import Request.
  Time since last request: 0.007829 seconds.
  path: Assets/Scenes/main.unity
  artifactKey: Guid(78a510c781f19db4da14f78ebb30946a) Importer(815301076,1909f56bfc062723c751e8b465ee728b)
Start importing Assets/Scenes/main.unity using Guid(78a510c781f19db4da14f78ebb30946a) Importer(815301076,1909f56bfc062723c751e8b465ee728b)  -> (artifact id: 'e995457a0cc3240c5dbbb3c5378bbc7c') in 0.002185 seconds 
  Import took 0.006818 seconds .

========================================================================
Received Import Request.
  Time since last request: 19.910356 seconds.
  path: Assets/Scenes
  artifactKey: Guid(b3d8a22b2eaae1048a5db3be5ce09cb2) Importer(815301076,1909f56bfc062723c751e8b465ee728b)
Start importing Assets/Scenes using Guid(b3d8a22b2eaae1048a5db3be5ce09cb2) Importer(815301076,1909f56bfc062723c751e8b465ee728b)  -> (artifact id: '9760701c150a809891aab1297b28c68d') in 0.009385 seconds 
  Import took 0.014685 seconds .

========================================================================
Received Prepare
Registering precompiled user dll's ...
Registered in 0.004025 seconds.
Begin MonoManager ReloadAssembly
Native extension for WindowsStandalone target not found
Native extension for WebGL target not found
Refreshing native plugins compatible for Editor in 0.59 ms, found 2 plugins.
Preloading 0 native plugins for Editor in 0.00 ms.
Mono: successfully reloaded assembly
- Completed reload, in  1.303 seconds
Platform modules already initialized, skipping
Shader 'Universal Render Pipeline/Particles/Lit': fallback shader 'Universal Render Pipeline/Particles/SimpleLit' not found
Refreshing native plugins compatible for Editor in 0.56 ms, found 2 plugins.
Preloading 0 native plugins for Editor in 0.00 ms.
Unloading 2584 Unused Serialized files (Serialized files now loaded: 0)
System memory in use before: 114.8 MB.
System memory in use after: 115.0 MB.

Unloading 14 unused Assets to reduce memory usage. Loaded Objects now: 3128.
Total: 2.426400 ms (FindLiveObjects: 0.250400 ms CreateObjectMapping: 0.114900 ms MarkObjects: 2.037600 ms  DeleteObjects: 0.021800 ms)

AssetImportParameters requested are different than current active one (requested -> active):
  custom:framework-win-MediaFoundation: 216162199b28c13a410421893ffa2e32 -> 
  custom:video-decoder-ogg-theora: a1e56fd34408186e4bbccfd4996cb3dc -> 
  custom:container-muxer-webm: aa71ff27fc2769a1b78a27578f13a17b -> 
  custom:container-demuxer-webm: 4f35f7cbe854078d1ac9338744f61a02 -> 
  custom:container-demuxer-ogg: 62fdf1f143b41e24485cea50d1cbac27 -> 
  custom:video-encoder-webm-vp8: eb34c28f22e8b96e1ab97ce403110664 -> 
  custom:video-codec-MediaFoundation-h265: e54d7ab0439102e2317fc1e4b246158d -> 
  custom:video-decoder-webm-vp8: 9c59270c3fd7afecdb556c50c9e8de78 -> 
  custom:audio-decoder-ogg-vorbis: bf7c407c2cedff20999df2af8eb42d56 -> 
  custom:audio-encoder-webm-vorbis: bf7c407c2cedff20999df2af8eb42d56 -> 
========================================================================
Received Import Request.
  Time since last request: 12.434713 seconds.
  path: Assets/Scenes/menu.unity
  artifactKey: Guid(d6dd4e219b7496e44960672396c97970) Importer(815301076,1909f56bfc062723c751e8b465ee728b)
Start importing Assets/Scenes/menu.unity using Guid(d6dd4e219b7496e44960672396c97970) Importer(815301076,1909f56bfc062723c751e8b465ee728b)  -> (artifact id: '42b4bd9c97ac2fced448faeeb9932422') in 0.025594 seconds 
  Import took 0.029947 seconds .

========================================================================
Received Prepare
Registering precompiled user dll's ...
Registered in 0.006639 seconds.
Begin MonoManager ReloadAssembly
Native extension for WindowsStandalone target not found
Native extension for WebGL target not found
Refreshing native plugins compatible for Editor in 0.96 ms, found 2 plugins.
Preloading 0 native plugins for Editor in 0.00 ms.
Mono: successfully reloaded assembly
- Completed reload, in  2.379 seconds
Platform modules already initialized, skipping
Shader 'Universal Render Pipeline/Particles/Lit': fallback shader 'Universal Render Pipeline/Particles/SimpleLit' not found
Refreshing native plugins compatible for Editor in 0.58 ms, found 2 plugins.
Preloading 0 native plugins for Editor in 0.00 ms.
Unloading 2584 Unused Serialized files (Serialized files now loaded: 0)
System memory in use before: 114.8 MB.
System memory in use after: 115.1 MB.

Unloading 14 unused Assets to reduce memory usage. Loaded Objects now: 3131.
Total: 4.609300 ms (FindLiveObjects: 1.096700 ms CreateObjectMapping: 0.159800 ms MarkObjects: 3.319600 ms  DeleteObjects: 0.030300 ms)

AssetImportParameters requested are different than current active one (requested -> active):
  custom:framework-win-MediaFoundation: 216162199b28c13a410421893ffa2e32 -> 
  custom:video-decoder-ogg-theora: a1e56fd34408186e4bbccfd4996cb3dc -> 
  custom:container-muxer-webm: aa71ff27fc2769a1b78a27578f13a17b -> 
  custom:container-demuxer-webm: 4f35f7cbe854078d1ac9338744f61a02 -> 
  custom:container-demuxer-ogg: 62fdf1f143b41e24485cea50d1cbac27 -> 
  custom:video-encoder-webm-vp8: eb34c28f22e8b96e1ab97ce403110664 -> 
  custom:video-codec-MediaFoundation-h265: e54d7ab0439102e2317fc1e4b246158d -> 
  custom:video-decoder-webm-vp8: 9c59270c3fd7afecdb556c50c9e8de78 -> 
  custom:audio-decoder-ogg-vorbis: bf7c407c2cedff20999df2af8eb42d56 -> 
  custom:audio-encoder-webm-vorbis: bf7c407c2cedff20999df2af8eb42d56 -> 
========================================================================
Received Import Request.
  Time since last request: 122.856052 seconds.
  path: Assets/Scenes/menu.unity
  artifactKey: Guid(d6dd4e219b7496e44960672396c97970) Importer(815301076,1909f56bfc062723c751e8b465ee728b)
Start importing Assets/Scenes/menu.unity using Guid(d6dd4e219b7496e44960672396c97970) Importer(815301076,1909f56bfc062723c751e8b465ee728b)  -> (artifact id: '0591ecb1a4a407aebb6a701f72444146') in 0.020355 seconds 
  Import took 0.025204 seconds .

========================================================================
Received Import Request.
  Time since last request: 192.180517 seconds.
  path: Assets/Scripts
  artifactKey: Guid(02a3527b6b33a924e8ec66aa805ea717) Importer(815301076,1909f56bfc062723c751e8b465ee728b)
Start importing Assets/Scripts using Guid(02a3527b6b33a924e8ec66aa805ea717) Importer(815301076,1909f56bfc062723c751e8b465ee728b)  -> (artifact id: 'f0a913a0049096cde5d6a727232f232f') in 0.009367 seconds 
  Import took 0.015096 seconds .

========================================================================
Received Prepare
Registering precompiled user dll's ...
Registered in 0.003810 seconds.
Begin MonoManager ReloadAssembly
Native extension for WindowsStandalone target not found
Native extension for WebGL target not found
Refreshing native plugins compatible for Editor in 0.63 ms, found 2 plugins.
Preloading 0 native plugins for Editor in 0.00 ms.
Mono: successfully reloaded assembly
- Completed reload, in  1.324 seconds
Platform modules already initialized, skipping
Shader 'Universal Render Pipeline/Particles/Lit': fallback shader 'Universal Render Pipeline/Particles/SimpleLit' not found
Refreshing native plugins compatible for Editor in 0.59 ms, found 2 plugins.
Preloading 0 native plugins for Editor in 0.00 ms.
Unloading 2598 Unused Serialized files (Serialized files now loaded: 0)
System memory in use before: 117.1 MB.
System memory in use after: 116.7 MB.

Unloading 27 unused Assets to reduce memory usage. Loaded Objects now: 3135.
Total: 3.270100 ms (FindLiveObjects: 0.317500 ms CreateObjectMapping: 0.235000 ms MarkObjects: 2.350400 ms  DeleteObjects: 0.365900 ms)

AssetImportParameters requested are different than current active one (requested -> active):
  custom:framework-win-MediaFoundation: 216162199b28c13a410421893ffa2e32 -> 
  custom:video-decoder-ogg-theora: a1e56fd34408186e4bbccfd4996cb3dc -> 
  custom:container-muxer-webm: aa71ff27fc2769a1b78a27578f13a17b -> 
  custom:container-demuxer-webm: 4f35f7cbe854078d1ac9338744f61a02 -> 
  custom:container-demuxer-ogg: 62fdf1f143b41e24485cea50d1cbac27 -> 
  custom:video-encoder-webm-vp8: eb34c28f22e8b96e1ab97ce403110664 -> 
  custom:video-codec-MediaFoundation-h265: e54d7ab0439102e2317fc1e4b246158d -> 
  custom:video-decoder-webm-vp8: 9c59270c3fd7afecdb556c50c9e8de78 -> 
  custom:audio-decoder-ogg-vorbis: bf7c407c2cedff20999df2af8eb42d56 -> 
  custom:audio-encoder-webm-vorbis: bf7c407c2cedff20999df2af8eb42d56 -> 
========================================================================
Received Import Request.
  Time since last request: 11.175551 seconds.
  path: Assets/Scripts/MainDataManager.cs
  artifactKey: Guid(b72e76d5630ab744b9ef49f8246673f0) Importer(815301076,1909f56bfc062723c751e8b465ee728b)
Start importing Assets/Scripts/MainDataManager.cs using Guid(b72e76d5630ab744b9ef49f8246673f0) Importer(815301076,1909f56bfc062723c751e8b465ee728b)  -> (artifact id: 'f65d592d84d41e37b9b40436b8087137') in 0.021451 seconds 
  Import took 0.026275 seconds .

========================================================================
Received Prepare
Registering precompiled user dll's ...
Registered in 0.003744 seconds.
Begin MonoManager ReloadAssembly
Native extension for WindowsStandalone target not found
Native extension for WebGL target not found
Refreshing native plugins compatible for Editor in 0.60 ms, found 2 plugins.
Preloading 0 native plugins for Editor in 0.00 ms.
Mono: successfully reloaded assembly
- Completed reload, in  1.646 seconds
Platform modules already initialized, skipping
Shader 'Universal Render Pipeline/Particles/Lit': fallback shader 'Universal Render Pipeline/Particles/SimpleLit' not found
Refreshing native plugins compatible for Editor in 0.59 ms, found 2 plugins.
Preloading 0 native plugins for Editor in 0.00 ms.
Unloading 2598 Unused Serialized files (Serialized files now loaded: 0)
System memory in use before: 117.2 MB.
System memory in use after: 116.7 MB.

Unloading 27 unused Assets to reduce memory usage. Loaded Objects now: 3138.
Total: 11.988000 ms (FindLiveObjects: 2.095300 ms CreateObjectMapping: 0.132800 ms MarkObjects: 8.115300 ms  DeleteObjects: 1.642400 ms)

AssetImportParameters requested are different than current active one (requested -> active):
  custom:framework-win-MediaFoundation: 216162199b28c13a410421893ffa2e32 -> 
  custom:video-decoder-ogg-theora: a1e56fd34408186e4bbccfd4996cb3dc -> 
  custom:container-muxer-webm: aa71ff27fc2769a1b78a27578f13a17b -> 
  custom:container-demuxer-webm: 4f35f7cbe854078d1ac9338744f61a02 -> 
  custom:container-demuxer-ogg: 62fdf1f143b41e24485cea50d1cbac27 -> 
  custom:video-encoder-webm-vp8: eb34c28f22e8b96e1ab97ce403110664 -> 
  custom:video-codec-MediaFoundation-h265: e54d7ab0439102e2317fc1e4b246158d -> 
  custom:video-decoder-webm-vp8: 9c59270c3fd7afecdb556c50c9e8de78 -> 
  custom:audio-decoder-ogg-vorbis: bf7c407c2cedff20999df2af8eb42d56 -> 
  custom:audio-encoder-webm-vorbis: bf7c407c2cedff20999df2af8eb42d56 -> 
========================================================================
Received Import Request.
  Time since last request: 152.356987 seconds.
  path: Assets/Scripts/MainDataManager.cs
  artifactKey: Guid(b72e76d5630ab744b9ef49f8246673f0) Importer(815301076,1909f56bfc062723c751e8b465ee728b)
Start importing Assets/Scripts/MainDataManager.cs using Guid(b72e76d5630ab744b9ef49f8246673f0) Importer(815301076,1909f56bfc062723c751e8b465ee728b)  -> (artifact id: 'b073e1ec3ebbd6eddf06e5a5b799321a') in 0.016708 seconds 
  Import took 0.024649 seconds .

========================================================================
Received Import Request.
  Time since last request: 0.002191 seconds.
  path: Assets/Scripts/MainDataManager.cs
  artifactKey: Guid(b72e76d5630ab744b9ef49f8246673f0) Importer(815301076,1909f56bfc062723c751e8b465ee728b)
Start importing Assets/Scripts/MainDataManager.cs using Guid(b72e76d5630ab744b9ef49f8246673f0) Importer(815301076,1909f56bfc062723c751e8b465ee728b)  -> (artifact id: 'b073e1ec3ebbd6eddf06e5a5b799321a') in 0.004972 seconds 
  Import took 0.024976 seconds .

========================================================================
Received Import Request.
  Time since last request: 133.306365 seconds.
  path: Assets/Scripts/MainDataManager.cs
  artifactKey: Guid(b72e76d5630ab744b9ef49f8246673f0) Importer(815301076,1909f56bfc062723c751e8b465ee728b)
Start importing Assets/Scripts/MainDataManager.cs using Guid(b72e76d5630ab744b9ef49f8246673f0) Importer(815301076,1909f56bfc062723c751e8b465ee728b)  -> (artifact id: 'f2e0648d1a0a81432d32535c629f64d4') in 0.008789 seconds 
  Import took 0.027713 seconds .

========================================================================
Received Prepare
Registering precompiled user dll's ...
Registered in 0.127584 seconds.
Begin MonoManager ReloadAssembly
Native extension for WindowsStandalone target not found
Native extension for WebGL target not found
Refreshing native plugins compatible for Editor in 0.57 ms, found 2 plugins.
Preloading 0 native plugins for Editor in 0.00 ms.
Mono: successfully reloaded assembly
- Completed reload, in  1.387 seconds
Platform modules already initialized, skipping
Shader 'Universal Render Pipeline/Particles/Lit': fallback shader 'Universal Render Pipeline/Particles/SimpleLit' not found
Refreshing native plugins compatible for Editor in 1.00 ms, found 2 plugins.
Preloading 0 native plugins for Editor in 0.00 ms.
Unloading 2598 Unused Serialized files (Serialized files now loaded: 0)
System memory in use before: 117.2 MB.
System memory in use after: 116.8 MB.

Unloading 27 unused Assets to reduce memory usage. Loaded Objects now: 3141.
Total: 4.258700 ms (FindLiveObjects: 0.382200 ms CreateObjectMapping: 0.248000 ms MarkObjects: 3.130600 ms  DeleteObjects: 0.495800 ms)

AssetImportParameters requested are different than current active one (requested -> active):
  custom:framework-win-MediaFoundation: 216162199b28c13a410421893ffa2e32 -> 
  custom:video-decoder-ogg-theora: a1e56fd34408186e4bbccfd4996cb3dc -> 
  custom:container-muxer-webm: aa71ff27fc2769a1b78a27578f13a17b -> 
  custom:container-demuxer-webm: 4f35f7cbe854078d1ac9338744f61a02 -> 
  custom:container-demuxer-ogg: 62fdf1f143b41e24485cea50d1cbac27 -> 
  custom:video-encoder-webm-vp8: eb34c28f22e8b96e1ab97ce403110664 -> 
  custom:video-codec-MediaFoundation-h265: e54d7ab0439102e2317fc1e4b246158d -> 
  custom:video-decoder-webm-vp8: 9c59270c3fd7afecdb556c50c9e8de78 -> 
  custom:audio-decoder-ogg-vorbis: bf7c407c2cedff20999df2af8eb42d56 -> 
  custom:audio-encoder-webm-vorbis: bf7c407c2cedff20999df2af8eb42d56 -> 
========================================================================
Received Import Request.
  Time since last request: 311.422568 seconds.
  path: Assets/Scripts/MainDataManager.cs
  artifactKey: Guid(b72e76d5630ab744b9ef49f8246673f0) Importer(815301076,1909f56bfc062723c751e8b465ee728b)
Start importing Assets/Scripts/MainDataManager.cs using Guid(b72e76d5630ab744b9ef49f8246673f0) Importer(815301076,1909f56bfc062723c751e8b465ee728b)  -> (artifact id: 'e30b14d3a19fb69788c8e427116393a9') in 0.008501 seconds 
  Import took 0.014285 seconds .

========================================================================
Received Prepare
Registering precompiled user dll's ...
Registered in 0.003779 seconds.
Begin MonoManager ReloadAssembly
Native extension for WindowsStandalone target not found
Native extension for WebGL target not found
Refreshing native plugins compatible for Editor in 0.58 ms, found 2 plugins.
Preloading 0 native plugins for Editor in 0.00 ms.
Mono: successfully reloaded assembly
- Completed reload, in  1.473 seconds
Platform modules already initialized, skipping
Shader 'Universal Render Pipeline/Particles/Lit': fallback shader 'Universal Render Pipeline/Particles/SimpleLit' not found
Refreshing native plugins compatible for Editor in 0.82 ms, found 2 plugins.
Preloading 0 native plugins for Editor in 0.00 ms.
Unloading 2598 Unused Serialized files (Serialized files now loaded: 0)
System memory in use before: 117.2 MB.
System memory in use after: 116.8 MB.

Unloading 27 unused Assets to reduce memory usage. Loaded Objects now: 3144.
Total: 3.842700 ms (FindLiveObjects: 0.555500 ms CreateObjectMapping: 0.125700 ms MarkObjects: 2.739300 ms  DeleteObjects: 0.419900 ms)

AssetImportParameters requested are different than current active one (requested -> active):
  custom:framework-win-MediaFoundation: 216162199b28c13a410421893ffa2e32 -> 
  custom:video-decoder-ogg-theora: a1e56fd34408186e4bbccfd4996cb3dc -> 
  custom:container-muxer-webm: aa71ff27fc2769a1b78a27578f13a17b -> 
  custom:container-demuxer-webm: 4f35f7cbe854078d1ac9338744f61a02 -> 
  custom:container-demuxer-ogg: 62fdf1f143b41e24485cea50d1cbac27 -> 
  custom:video-encoder-webm-vp8: eb34c28f22e8b96e1ab97ce403110664 -> 
  custom:video-codec-MediaFoundation-h265: e54d7ab0439102e2317fc1e4b246158d -> 
  custom:video-decoder-webm-vp8: 9c59270c3fd7afecdb556c50c9e8de78 -> 
  custom:audio-decoder-ogg-vorbis: bf7c407c2cedff20999df2af8eb42d56 -> 
  custom:audio-encoder-webm-vorbis: bf7c407c2cedff20999df2af8eb42d56 -> 
========================================================================
Received Prepare
Registering precompiled user dll's ...
Registered in 0.003804 seconds.
Begin MonoManager ReloadAssembly
Native extension for WindowsStandalone target not found
Native extension for WebGL target not found
Refreshing native plugins compatible for Editor in 0.57 ms, found 2 plugins.
Preloading 0 native plugins for Editor in 0.00 ms.
Mono: successfully reloaded assembly
- Completed reload, in  1.311 seconds
Platform modules already initialized, skipping
Shader 'Universal Render Pipeline/Particles/Lit': fallback shader 'Universal Render Pipeline/Particles/SimpleLit' not found
Refreshing native plugins compatible for Editor in 0.57 ms, found 2 plugins.
Preloading 0 native plugins for Editor in 0.00 ms.
Unloading 2598 Unused Serialized files (Serialized files now loaded: 0)
System memory in use before: 117.2 MB.
System memory in use after: 116.8 MB.

Unloading 27 unused Assets to reduce memory usage. Loaded Objects now: 3147.
Total: 3.172300 ms (FindLiveObjects: 0.258100 ms CreateObjectMapping: 0.164200 ms MarkObjects: 2.351800 ms  DeleteObjects: 0.396400 ms)

AssetImportParameters requested are different than current active one (requested -> active):
  custom:framework-win-MediaFoundation: 216162199b28c13a410421893ffa2e32 -> 
  custom:video-decoder-ogg-theora: a1e56fd34408186e4bbccfd4996cb3dc -> 
  custom:container-muxer-webm: aa71ff27fc2769a1b78a27578f13a17b -> 
  custom:container-demuxer-webm: 4f35f7cbe854078d1ac9338744f61a02 -> 
  custom:container-demuxer-ogg: 62fdf1f143b41e24485cea50d1cbac27 -> 
  custom:video-encoder-webm-vp8: eb34c28f22e8b96e1ab97ce403110664 -> 
  custom:video-codec-MediaFoundation-h265: e54d7ab0439102e2317fc1e4b246158d -> 
  custom:video-decoder-webm-vp8: 9c59270c3fd7afecdb556c50c9e8de78 -> 
  custom:audio-decoder-ogg-vorbis: bf7c407c2cedff20999df2af8eb42d56 -> 
  custom:audio-encoder-webm-vorbis: bf7c407c2cedff20999df2af8eb42d56 -> 
========================================================================
Received Prepare
Registering precompiled user dll's ...
Registered in 0.106875 seconds.
Begin MonoManager ReloadAssembly
Native extension for WindowsStandalone target not found
Native extension for WebGL target not found
Refreshing native plugins compatible for Editor in 0.74 ms, found 2 plugins.
Preloading 0 native plugins for Editor in 0.00 ms.
Mono: successfully reloaded assembly
- Completed reload, in  1.372 seconds
Platform modules already initialized, skipping
Shader 'Universal Render Pipeline/Particles/Lit': fallback shader 'Universal Render Pipeline/Particles/SimpleLit' not found
Refreshing native plugins compatible for Editor in 1.00 ms, found 2 plugins.
Preloading 0 native plugins for Editor in 0.00 ms.
Unloading 2598 Unused Serialized files (Serialized files now loaded: 0)
System memory in use before: 117.2 MB.
System memory in use after: 116.8 MB.

Unloading 27 unused Assets to reduce memory usage. Loaded Objects now: 3150.
Total: 5.387100 ms (FindLiveObjects: 0.410600 ms CreateObjectMapping: 0.239200 ms MarkObjects: 4.028700 ms  DeleteObjects: 0.706100 ms)

AssetImportParameters requested are different than current active one (requested -> active):
  custom:framework-win-MediaFoundation: 216162199b28c13a410421893ffa2e32 -> 
  custom:video-decoder-ogg-theora: a1e56fd34408186e4bbccfd4996cb3dc -> 
  custom:container-muxer-webm: aa71ff27fc2769a1b78a27578f13a17b -> 
  custom:container-demuxer-webm: 4f35f7cbe854078d1ac9338744f61a02 -> 
  custom:container-demuxer-ogg: 62fdf1f143b41e24485cea50d1cbac27 -> 
  custom:video-encoder-webm-vp8: eb34c28f22e8b96e1ab97ce403110664 -> 
  custom:video-codec-MediaFoundation-h265: e54d7ab0439102e2317fc1e4b246158d -> 
  custom:video-decoder-webm-vp8: 9c59270c3fd7afecdb556c50c9e8de78 -> 
  custom:audio-decoder-ogg-vorbis: bf7c407c2cedff20999df2af8eb42d56 -> 
  custom:audio-encoder-webm-vorbis: bf7c407c2cedff20999df2af8eb42d56 -> 
========================================================================
Received Import Request.
  Time since last request: 143.667121 seconds.
  path: Assets/Scenes/menu.unity
  artifactKey: Guid(d6dd4e219b7496e44960672396c97970) Importer(815301076,1909f56bfc062723c751e8b465ee728b)
Start importing Assets/Scenes/menu.unity using Guid(d6dd4e219b7496e44960672396c97970) Importer(815301076,1909f56bfc062723c751e8b465ee728b)  -> (artifact id: '6e0aae816e4d869c6ef8e5af5838c55d') in 0.021489 seconds 
  Import took 0.026103 seconds .

========================================================================
Received Prepare
Registering precompiled user dll's ...
Registered in 0.004839 seconds.
Begin MonoManager ReloadAssembly
Native extension for WindowsStandalone target not found
Native extension for WebGL target not found
Refreshing native plugins compatible for Editor in 0.57 ms, found 2 plugins.
Preloading 0 native plugins for Editor in 0.00 ms.
Mono: successfully reloaded assembly
- Completed reload, in  1.278 seconds
Platform modules already initialized, skipping
Shader 'Universal Render Pipeline/Particles/Lit': fallback shader 'Universal Render Pipeline/Particles/SimpleLit' not found
Refreshing native plugins compatible for Editor in 0.56 ms, found 2 plugins.
Preloading 0 native plugins for Editor in 0.00 ms.
Unloading 2598 Unused Serialized files (Serialized files now loaded: 0)
System memory in use before: 117.2 MB.
System memory in use after: 116.8 MB.

Unloading 27 unused Assets to reduce memory usage. Loaded Objects now: 3153.
Total: 3.126000 ms (FindLiveObjects: 0.247000 ms CreateObjectMapping: 0.136700 ms MarkObjects: 2.362600 ms  DeleteObjects: 0.378400 ms)

AssetImportParameters requested are different than current active one (requested -> active):
  custom:framework-win-MediaFoundation: 216162199b28c13a410421893ffa2e32 -> 
  custom:video-decoder-ogg-theora: a1e56fd34408186e4bbccfd4996cb3dc -> 
  custom:container-muxer-webm: aa71ff27fc2769a1b78a27578f13a17b -> 
  custom:container-demuxer-webm: 4f35f7cbe854078d1ac9338744f61a02 -> 
  custom:container-demuxer-ogg: 62fdf1f143b41e24485cea50d1cbac27 -> 
  custom:video-encoder-webm-vp8: eb34c28f22e8b96e1ab97ce403110664 -> 
  custom:video-codec-MediaFoundation-h265: e54d7ab0439102e2317fc1e4b246158d -> 
  custom:video-decoder-webm-vp8: 9c59270c3fd7afecdb556c50c9e8de78 -> 
  custom:audio-decoder-ogg-vorbis: bf7c407c2cedff20999df2af8eb42d56 -> 
  custom:audio-encoder-webm-vorbis: bf7c407c2cedff20999df2af8eb42d56 -> 
========================================================================
Received Prepare
Registering precompiled user dll's ...
Registered in 0.004969 seconds.
Begin MonoManager ReloadAssembly
Native extension for WindowsStandalone target not found
Native extension for WebGL target not found
Refreshing native plugins compatible for Editor in 0.67 ms, found 2 plugins.
Preloading 0 native plugins for Editor in 0.00 ms.
Mono: successfully reloaded assembly
- Completed reload, in  1.457 seconds
Platform modules already initialized, skipping
Shader 'Universal Render Pipeline/Particles/Lit': fallback shader 'Universal Render Pipeline/Particles/SimpleLit' not found
Refreshing native plugins compatible for Editor in 0.57 ms, found 2 plugins.
Preloading 0 native plugins for Editor in 0.00 ms.
Unloading 2598 Unused Serialized files (Serialized files now loaded: 0)
System memory in use before: 117.2 MB.
System memory in use after: 116.8 MB.

Unloading 27 unused Assets to reduce memory usage. Loaded Objects now: 3156.
Total: 3.495900 ms (FindLiveObjects: 0.286700 ms CreateObjectMapping: 0.220300 ms MarkObjects: 2.585600 ms  DeleteObjects: 0.401900 ms)

AssetImportParameters requested are different than current active one (requested -> active):
  custom:framework-win-MediaFoundation: 216162199b28c13a410421893ffa2e32 -> 
  custom:video-decoder-ogg-theora: a1e56fd34408186e4bbccfd4996cb3dc -> 
  custom:container-muxer-webm: aa71ff27fc2769a1b78a27578f13a17b -> 
  custom:container-demuxer-webm: 4f35f7cbe854078d1ac9338744f61a02 -> 
  custom:container-demuxer-ogg: 62fdf1f143b41e24485cea50d1cbac27 -> 
  custom:video-encoder-webm-vp8: eb34c28f22e8b96e1ab97ce403110664 -> 
  custom:video-codec-MediaFoundation-h265: e54d7ab0439102e2317fc1e4b246158d -> 
  custom:video-decoder-webm-vp8: 9c59270c3fd7afecdb556c50c9e8de78 -> 
  custom:audio-decoder-ogg-vorbis: bf7c407c2cedff20999df2af8eb42d56 -> 
  custom:audio-encoder-webm-vorbis: bf7c407c2cedff20999df2af8eb42d56 -> 
========================================================================
Received Import Request.
  Time since last request: 201.736629 seconds.
  path: Assets/Scripts/MainManager.cs
  artifactKey: Guid(d110623a642692246a42fbc2d8d89884) Importer(815301076,1909f56bfc062723c751e8b465ee728b)
Start importing Assets/Scripts/MainManager.cs using Guid(d110623a642692246a42fbc2d8d89884) Importer(815301076,1909f56bfc062723c751e8b465ee728b)  -> (artifact id: '70871683354a10fbe6b163139ec5b4ed') in 0.012097 seconds 
  Import took 0.017029 seconds .

========================================================================
Received Import Request.
  Time since last request: 0.025879 seconds.
  path: Assets/Scripts/MainManager.cs
  artifactKey: Guid(d110623a642692246a42fbc2d8d89884) Importer(815301076,1909f56bfc062723c751e8b465ee728b)
Start importing Assets/Scripts/MainManager.cs using Guid(d110623a642692246a42fbc2d8d89884) Importer(815301076,1909f56bfc062723c751e8b465ee728b)  -> (artifact id: '70871683354a10fbe6b163139ec5b4ed') in 0.003089 seconds 
  Import took 0.008156 seconds .

========================================================================
Received Prepare
Registering precompiled user dll's ...
Registered in 0.004501 seconds.
Begin MonoManager ReloadAssembly
Native extension for WindowsStandalone target not found
Native extension for WebGL target not found
Refreshing native plugins compatible for Editor in 0.56 ms, found 2 plugins.
Preloading 0 native plugins for Editor in 0.00 ms.
Mono: successfully reloaded assembly
- Completed reload, in  1.294 seconds
Platform modules already initialized, skipping
Shader 'Universal Render Pipeline/Particles/Lit': fallback shader 'Universal Render Pipeline/Particles/SimpleLit' not found
Refreshing native plugins compatible for Editor in 0.59 ms, found 2 plugins.
Preloading 0 native plugins for Editor in 0.00 ms.
Unloading 2598 Unused Serialized files (Serialized files now loaded: 0)
System memory in use before: 117.2 MB.
System memory in use after: 116.8 MB.

Unloading 27 unused Assets to reduce memory usage. Loaded Objects now: 3159.
Total: 3.022200 ms (FindLiveObjects: 0.250500 ms CreateObjectMapping: 0.114400 ms MarkObjects: 2.252600 ms  DeleteObjects: 0.402900 ms)

AssetImportParameters requested are different than current active one (requested -> active):
  custom:framework-win-MediaFoundation: 216162199b28c13a410421893ffa2e32 -> 
  custom:video-decoder-ogg-theora: a1e56fd34408186e4bbccfd4996cb3dc -> 
  custom:container-muxer-webm: aa71ff27fc2769a1b78a27578f13a17b -> 
  custom:container-demuxer-webm: 4f35f7cbe854078d1ac9338744f61a02 -> 
  custom:container-demuxer-ogg: 62fdf1f143b41e24485cea50d1cbac27 -> 
  custom:video-encoder-webm-vp8: eb34c28f22e8b96e1ab97ce403110664 -> 
  custom:video-codec-MediaFoundation-h265: e54d7ab0439102e2317fc1e4b246158d -> 
  custom:video-decoder-webm-vp8: 9c59270c3fd7afecdb556c50c9e8de78 -> 
  custom:audio-decoder-ogg-vorbis: bf7c407c2cedff20999df2af8eb42d56 -> 
  custom:audio-encoder-webm-vorbis: bf7c407c2cedff20999df2af8eb42d56 -> 
========================================================================
Received Prepare
Registering precompiled user dll's ...
Registered in 0.004340 seconds.
Begin MonoManager ReloadAssembly
Native extension for WindowsStandalone target not found
Native extension for WebGL target not found
Refreshing native plugins compatible for Editor in 0.59 ms, found 2 plugins.
Preloading 0 native plugins for Editor in 0.00 ms.
Mono: successfully reloaded assembly
- Completed reload, in  1.282 seconds
Platform modules already initialized, skipping
Shader 'Universal Render Pipeline/Particles/Lit': fallback shader 'Universal Render Pipeline/Particles/SimpleLit' not found
Refreshing native plugins compatible for Editor in 0.55 ms, found 2 plugins.
Preloading 0 native plugins for Editor in 0.00 ms.
Unloading 2598 Unused Serialized files (Serialized files now loaded: 0)
System memory in use before: 117.2 MB.
System memory in use after: 116.8 MB.

Unloading 27 unused Assets to reduce memory usage. Loaded Objects now: 3162.
Total: 3.075900 ms (FindLiveObjects: 0.227500 ms CreateObjectMapping: 0.109200 ms MarkObjects: 2.307800 ms  DeleteObjects: 0.429900 ms)

AssetImportParameters requested are different than current active one (requested -> active):
  custom:framework-win-MediaFoundation: 216162199b28c13a410421893ffa2e32 -> 
  custom:video-decoder-ogg-theora: a1e56fd34408186e4bbccfd4996cb3dc -> 
  custom:container-muxer-webm: aa71ff27fc2769a1b78a27578f13a17b -> 
  custom:container-demuxer-webm: 4f35f7cbe854078d1ac9338744f61a02 -> 
  custom:container-demuxer-ogg: 62fdf1f143b41e24485cea50d1cbac27 -> 
  custom:video-encoder-webm-vp8: eb34c28f22e8b96e1ab97ce403110664 -> 
  custom:video-codec-MediaFoundation-h265: e54d7ab0439102e2317fc1e4b246158d -> 
  custom:video-decoder-webm-vp8: 9c59270c3fd7afecdb556c50c9e8de78 -> 
  custom:audio-decoder-ogg-vorbis: bf7c407c2cedff20999df2af8eb42d56 -> 
  custom:audio-encoder-webm-vorbis: bf7c407c2cedff20999df2af8eb42d56 -> 
